<?xml version="1.0" encoding="UTF-8"?>
<testsuite name="com.itzon.won.ebook.web.IndexControllerTest" tests="1" skipped="0" failures="0" errors="0" timestamp="2020-02-10T04:04:39" hostname="LAPTOP-7ATQV7F0" time="0.248">
  <properties/>
  <testcase name="메인페이지로딩" classname="com.itzon.won.ebook.web.IndexControllerTest" time="0.248"/>
  <system-out><![CDATA[2020-02-10 13:04:36.376  INFO 25464 --- [    Test worker] .b.t.c.SpringBootTestContextBootstrapper : Neither @ContextConfiguration nor @ContextHierarchy found for test class [com.itzon.won.ebook.web.IndexControllerTest], using SpringBootContextLoader
2020-02-10 13:04:36.376  INFO 25464 --- [    Test worker] o.s.t.c.support.AbstractContextLoader    : Could not detect default resource locations for test class [com.itzon.won.ebook.web.IndexControllerTest]: no resource found for suffixes {-context.xml, Context.groovy}.
2020-02-10 13:04:36.377  INFO 25464 --- [    Test worker] t.c.s.AnnotationConfigContextLoaderUtils : Could not detect default configuration classes for test class [com.itzon.won.ebook.web.IndexControllerTest]: IndexControllerTest does not declare any static, non-private, non-final, nested classes annotated with @Configuration.
2020-02-10 13:04:36.378  INFO 25464 --- [    Test worker] .b.t.c.SpringBootTestContextBootstrapper : Found @SpringBootConfiguration com.itzon.won.ebook.Application for test class com.itzon.won.ebook.web.IndexControllerTest
2020-02-10 13:04:36.379  INFO 25464 --- [    Test worker] .b.t.c.SpringBootTestContextBootstrapper : Loaded default TestExecutionListener class names from location [META-INF/spring.factories]: [org.springframework.security.test.context.support.WithSecurityContextTestExecutionListener, org.springframework.security.test.context.support.ReactorContextTestExecutionListener, org.springframework.boot.test.autoconfigure.restdocs.RestDocsTestExecutionListener, org.springframework.boot.test.autoconfigure.web.client.MockRestServiceServerResetTestExecutionListener, org.springframework.boot.test.autoconfigure.web.servlet.MockMvcPrintOnlyOnFailureTestExecutionListener, org.springframework.boot.test.autoconfigure.web.servlet.WebDriverTestExecutionListener, org.springframework.boot.test.mock.mockito.MockitoTestExecutionListener, org.springframework.boot.test.mock.mockito.ResetMocksTestExecutionListener, org.springframework.test.context.web.ServletTestExecutionListener, org.springframework.test.context.support.DirtiesContextBeforeModesTestExecutionListener, org.springframework.test.context.support.DependencyInjectionTestExecutionListener, org.springframework.test.context.support.DirtiesContextTestExecutionListener, org.springframework.test.context.transaction.TransactionalTestExecutionListener, org.springframework.test.context.jdbc.SqlScriptsTestExecutionListener]
2020-02-10 13:04:36.380  INFO 25464 --- [    Test worker] .b.t.c.SpringBootTestContextBootstrapper : Using TestExecutionListeners: [org.springframework.test.context.web.ServletTestExecutionListener@70d5e751, org.springframework.test.context.support.DirtiesContextBeforeModesTestExecutionListener@759ce0e, org.springframework.boot.test.mock.mockito.MockitoTestExecutionListener@43814b8e, org.springframework.boot.test.autoconfigure.SpringBootDependencyInjectionTestExecutionListener@5b687095, org.springframework.test.context.support.DirtiesContextTestExecutionListener@458fbc6, org.springframework.test.context.transaction.TransactionalTestExecutionListener@4db87cfd, org.springframework.test.context.jdbc.SqlScriptsTestExecutionListener@4ac93ff, org.springframework.security.test.context.support.WithSecurityContextTestExecutionListener@1c58b727, org.springframework.security.test.context.support.ReactorContextTestExecutionListener@5f9de9a1, org.springframework.boot.test.autoconfigure.restdocs.RestDocsTestExecutionListener@514c393b, org.springframework.boot.test.autoconfigure.web.client.MockRestServiceServerResetTestExecutionListener@319f6b86, org.springframework.boot.test.autoconfigure.web.servlet.MockMvcPrintOnlyOnFailureTestExecutionListener@6827131d, org.springframework.boot.test.autoconfigure.web.servlet.WebDriverTestExecutionListener@58c73f59, org.springframework.boot.test.mock.mockito.ResetMocksTestExecutionListener@6872409b]

  .   ____          _            __ _ _
 /\\ / ___'_ __ _ _(_)_ __  __ _ \ \ \ \
( ( )\___ | '_ | '_| | '_ \/ _` | \ \ \ \
 \\/  ___)| |_)| | | | | || (_| |  ) ) ) )
  '  |____| .__|_| |_|_| |_\__, | / / / /
 =========|_|==============|___/=/_/_/_/
 :: Spring Boot ::        (v2.1.7.RELEASE)

2020-02-10 13:04:36.423  INFO 25464 --- [    Test worker] c.i.won.ebook.web.IndexControllerTest    : Starting IndexControllerTest on LAPTOP-7ATQV7F0 with PID 25464 (started by jws70 in C:\DEV\workspace\won-ebook)
2020-02-10 13:04:36.424  INFO 25464 --- [    Test worker] c.i.won.ebook.web.IndexControllerTest    : No active profile set, falling back to default profiles: default
2020-02-10 13:04:36.703  INFO 25464 --- [    Test worker] .s.d.r.c.RepositoryConfigurationDelegate : Bootstrapping Spring Data repositories in DEFAULT mode.
2020-02-10 13:04:36.741  INFO 25464 --- [    Test worker] .s.d.r.c.RepositoryConfigurationDelegate : Finished Spring Data repository scanning in 37ms. Found 2 repository interfaces.
2020-02-10 13:04:36.898  INFO 25464 --- [    Test worker] trationDelegate$BeanPostProcessorChecker : Bean 'org.springframework.transaction.annotation.ProxyTransactionManagementConfiguration' of type [org.springframework.transaction.annotation.ProxyTransactionManagementConfiguration$$EnhancerBySpringCGLIB$$543c9de5] is not eligible for getting processed by all BeanPostProcessors (for example: not eligible for auto-proxying)
2020-02-10 13:04:37.260  INFO 25464 --- [    Test worker] o.s.b.w.embedded.tomcat.TomcatWebServer  : Tomcat initialized with port(s): 0 (http)
2020-02-10 13:04:37.301  INFO 25464 --- [    Test worker] o.apache.catalina.core.StandardService   : Starting service [Tomcat]
2020-02-10 13:04:37.302  INFO 25464 --- [    Test worker] org.apache.catalina.core.StandardEngine  : Starting Servlet engine: [Apache Tomcat/9.0.22]
2020-02-10 13:04:37.494  INFO 25464 --- [    Test worker] o.a.c.c.C.[Tomcat].[localhost].[/]       : Initializing Spring embedded WebApplicationContext
2020-02-10 13:04:37.495  INFO 25464 --- [    Test worker] o.s.web.context.ContextLoader            : Root WebApplicationContext: initialization completed in 1068 ms
2020-02-10 13:04:37.729  INFO 25464 --- [    Test worker] com.zaxxer.hikari.HikariDataSource       : HikariPool-2 - Starting...
2020-02-10 13:04:37.731  INFO 25464 --- [    Test worker] com.zaxxer.hikari.HikariDataSource       : HikariPool-2 - Start completed.
2020-02-10 13:04:37.774  INFO 25464 --- [    Test worker] o.hibernate.jpa.internal.util.LogHelper  : HHH000204: Processing PersistenceUnitInfo [
	name: default
	...]
2020-02-10 13:04:37.787  INFO 25464 --- [    Test worker] org.hibernate.dialect.Dialect            : HHH000400: Using dialect: org.hibernate.dialect.MySQL5InnoDBDialect
Hibernate: drop table if exists posts
Hibernate: drop table if exists user
Hibernate: create table posts (id bigint not null auto_increment, created_date datetime, modified_date datetime, author varchar(255), content TEXT not null, title varchar(500) not null, primary key (id)) engine=InnoDB
Hibernate: create table user (id bigint not null auto_increment, created_date datetime, modified_date datetime, email varchar(255) not null, name varchar(255) not null, picture varchar(255), role varchar(255) not null, primary key (id)) engine=InnoDB
2020-02-10 13:04:37.858  INFO 25464 --- [    Test worker] o.h.t.schema.internal.SchemaCreatorImpl  : HHH000476: Executing import script 'org.hibernate.tool.schema.internal.exec.ScriptSourceInputNonExistentImpl@5387c671'
2020-02-10 13:04:37.859  INFO 25464 --- [    Test worker] j.LocalContainerEntityManagerFactoryBean : Initialized JPA EntityManagerFactory for persistence unit 'default'
2020-02-10 13:04:38.308  INFO 25464 --- [    Test worker] o.h.h.i.QueryTranslatorFactoryInitiator  : HHH000397: Using ASTQueryTranslatorFactory
2020-02-10 13:04:38.542  INFO 25464 --- [    Test worker] o.s.s.web.DefaultSecurityFilterChain     : Creating filter chain: any request, [org.springframework.security.web.context.request.async.WebAsyncManagerIntegrationFilter@2cda2c9b, org.springframework.security.web.context.SecurityContextPersistenceFilter@1ff29859, org.springframework.security.web.header.HeaderWriterFilter@26183b81, org.springframework.security.web.authentication.logout.LogoutFilter@125ec02, org.springframework.security.oauth2.client.web.OAuth2AuthorizationRequestRedirectFilter@25bf2fc6, org.springframework.security.oauth2.client.web.OAuth2LoginAuthenticationFilter@f016cc6, org.springframework.security.web.authentication.ui.DefaultLoginPageGeneratingFilter@a1e8d48, org.springframework.security.web.authentication.ui.DefaultLogoutPageGeneratingFilter@1048094a, org.springframework.security.web.savedrequest.RequestCacheAwareFilter@459ae06c, org.springframework.security.web.servletapi.SecurityContextHolderAwareRequestFilter@22b90f6d, org.springframework.security.web.authentication.AnonymousAuthenticationFilter@4cd5d59a, org.springframework.security.web.session.SessionManagementFilter@e04d17b, org.springframework.security.web.access.ExceptionTranslationFilter@2c7ec992, org.springframework.security.web.access.intercept.FilterSecurityInterceptor@79d8aec4]
2020-02-10 13:04:38.810  INFO 25464 --- [    Test worker] o.s.s.concurrent.ThreadPoolTaskExecutor  : Initializing ExecutorService 'applicationTaskExecutor'
2020-02-10 13:04:38.829  WARN 25464 --- [    Test worker] aWebConfiguration$JpaWebMvcConfiguration : spring.jpa.open-in-view is enabled by default. Therefore, database queries may be performed during view rendering. Explicitly configure spring.jpa.open-in-view to disable this warning
2020-02-10 13:04:38.865  INFO 25464 --- [    Test worker] o.s.b.a.w.s.WelcomePageHandlerMapping    : Adding welcome page template: index
2020-02-10 13:04:39.289  INFO 25464 --- [    Test worker] s.a.ScheduledAnnotationBeanPostProcessor : No TaskScheduler/ScheduledExecutorService bean found for scheduled processing
2020-02-10 13:04:39.311  INFO 25464 --- [    Test worker] o.s.b.w.embedded.tomcat.TomcatWebServer  : Tomcat started on port(s): 5907 (http) with context path ''
2020-02-10 13:04:39.312  INFO 25464 --- [    Test worker] c.i.won.ebook.web.IndexControllerTest    : Started IndexControllerTest in 2.93 seconds (JVM running for 15.422)
2020-02-10 13:04:39.439  INFO 25464 --- [o-auto-1-exec-1] o.a.c.c.C.[Tomcat].[localhost].[/]       : Initializing Spring DispatcherServlet 'dispatcherServlet'
2020-02-10 13:04:39.439  INFO 25464 --- [o-auto-1-exec-1] o.s.web.servlet.DispatcherServlet        : Initializing Servlet 'dispatcherServlet'
2020-02-10 13:04:39.467  INFO 25464 --- [o-auto-1-exec-1] o.s.web.servlet.DispatcherServlet        : Completed initialization in 28 ms
Hibernate: select posts0_.id as id1_0_, posts0_.created_date as created_2_0_, posts0_.modified_date as modified3_0_, posts0_.author as author4_0_, posts0_.content as content5_0_, posts0_.title as title6_0_ from posts posts0_ order by posts0_.id DESC
]]></system-out>
  <system-err><![CDATA[]]></system-err>
</testsuite>
